<?xml version="1.0" encoding="UTF-8"?>
<!-- Generated by org.testng.reporters.JUnitReportReporter -->
<testsuite hostname="DESKTOP-81BM3GP" failures="0" tests="1" name="Basic.OrganizationTest" time="4.269" errors="0" timestamp="2024-03-15T13:05:43 IST" skipped="0">
  <testcase classname="Basic.OrganizationTest" name="CreateOrganizationsTest" time="4.269"/>
  <system-out/>
</testsuite> <!-- Basic.OrganizationTest -->
